0 info it worked if it ends with ok
1 verbose cli [ '/usr/bin/nodejs', '/usr/local/bin/npm', 'run', 'server' ]
2 info using npm@3.9.0
3 info using node@v4.2.6
4 verbose stack Error: Failed to parse json
4 verbose stack Unexpected token '"' at 8:14
4 verbose stack     "server" "nodemon --watch app --watch libs server/server.js",
4 verbose stack              ^
4 verbose stack     at parseError (/usr/local/lib/node_modules/npm/node_modules/read-package-json/read-json.js:390:11)
4 verbose stack     at parseJson (/usr/local/lib/node_modules/npm/node_modules/read-package-json/read-json.js:79:23)
4 verbose stack     at /usr/local/lib/node_modules/npm/node_modules/read-package-json/read-json.js:48:5
4 verbose stack     at /usr/local/lib/node_modules/npm/node_modules/graceful-fs/graceful-fs.js:78:16
4 verbose stack     at FSReqWrap.readFileAfterClose [as oncomplete] (fs.js:380:3)
5 verbose cwd /home/shai/Desktop/angular-socket-io/server
6 error Linux 3.19.0-51-generic
7 error argv "/usr/bin/nodejs" "/usr/local/bin/npm" "run" "server"
8 error node v4.2.6
9 error npm  v3.9.0
10 error file /home/shai/Desktop/angular-socket-io/package.json
11 error code EJSONPARSE
12 error Failed to parse json
12 error Unexpected token '"' at 8:14
12 error     "server" "nodemon --watch app --watch libs server/server.js",
12 error              ^
13 error File: /home/shai/Desktop/angular-socket-io/package.json
14 error Failed to parse package.json data.
14 error package.json must be actual JSON, not just JavaScript.
14 error
14 error This is not a bug in npm.
14 error Tell the package author to fix their package.json file. JSON.parse
15 verbose exit [ 1, true ]
